<?xml version="1.0" encoding="UTF-8"?>
<!-- Generated by org.testng.reporters.JUnitReportReporter -->
<testsuite hostname="DESKTOP-VC0GCE0" name="managedbeans.ProductoControllerIT" tests="1" failures="0" timestamp="12 Dec 2016 16:56:52 GMT" time="21.783" errors="0">
  <testcase name="testSimple" time="21.783" classname="managedbeans.ProductoControllerIT"/>
</testsuite> <!-- managedbeans.ProductoControllerIT -->
