<?xml version="1.0" encoding="UTF-8"?>
<!-- Generated by org.testng.reporters.JUnitReportReporter -->
<testsuite hostname="DESKTOP-VC0GCE0" name="managedbeans.ProductoControllerIT" tests="1" failures="0" timestamp="12 Dec 2016 17:42:19 GMT" time="20.937" errors="0">
  <testcase name="testSimple" time="20.937" classname="managedbeans.ProductoControllerIT"/>
</testsuite> <!-- managedbeans.ProductoControllerIT -->
